<html>
<head>
<title>TestNG:  Test</title>
<link href="../testng.css" rel="stylesheet" type="text/css" />
<link href="../my-testng.css" rel="stylesheet" type="text/css" />

<style type="text/css">
.log { display: none;} 
.stack-trace { display: none;} 
</style>
<script type="text/javascript">
<!--
function flip(e) {
  current = e.style.display;
  if (current == 'block') {
    e.style.display = 'none';
    return 0;
  }
  else {
    e.style.display = 'block';
    return 1;
  }
}

function toggleBox(szDivId, elem, msg1, msg2)
{
  var res = -1;  if (document.getElementById) {
    res = flip(document.getElementById(szDivId));
  }
  else if (document.all) {
    // this is the way old msie versions work
    res = flip(document.all[szDivId]);
  }
  if(elem) {
    if(res == 0) elem.innerHTML = msg1; else elem.innerHTML = msg2;
  }

}

function toggleAllBoxes() {
  if (document.getElementsByTagName) {
    d = document.getElementsByTagName('div');
    for (i = 0; i < d.length; i++) {
      if (d[i].className == 'log') {
        flip(d[i]);
      }
    }
  }
}

// -->
</script>

</head>
<body>
<h2 align='center'>Test</h2><table border='1' align="center">
<tr>
<td>Tests passed/Failed/Skipped:</td><td>6/3/0</td>
</tr><tr>
<td>Started on:</td><td>Wed Sep 20 14:28:37 IST 2017</td>
</tr>
<tr><td>Total time:</td><td>1071 seconds (1071746 ms)</td>
</tr><tr>
<td>Included groups:</td><td></td>
</tr><tr>
<td>Excluded groups:</td><td></td>
</tr>
</table><p/>
<small><i>(Hover the method name to see the test class name)</i></small><p/>
<table width='100%' border='1' class='invocation-failed'>
<tr><td colspan='4' align='center'><b>FAILED CONFIGURATIONS</b></td></tr>
<tr><td><b>Test method</b></td>
<td width="30%"><b>Exception</b></td>
<td width="10%"><b>Time (seconds)</b></td>
<td><b>Instance</b></td>
</tr>
<tr>
<td title='com.test.RiskDetermination.RiskLogout()'><b>RiskLogout</b><br>Test class: com.test.RiskDetermination<br/>
<a href="#Output-2298703" onClick='toggleBox("Output-2298703", this, "Show output", "Hide output");'>Show output</a>

<a href="#Output-2298703" onClick="toggleAllBoxes();">Show all outputs</a>
<div class='log' id="Output-2298703">
Click on Account drop-down  | <br><br/>
</div>
</td>
<td><div><pre>java.lang.AssertionError: 
	at com.test.WrapperClass.assertTextXpath(WrapperClass.java:1206)
	at com.test.RiskDetermination.RiskLogout(RiskDetermination.java:1674)
... Removed 26 stack frames</pre></div><a href='#' onClick='toggleBox("stack-trace2298703", this, "Click to show all stack frames", "Click to hide stack frames")'>Click to show all stack frames</a>
<div class='stack-trace' id='stack-trace2298703'><pre>java.lang.AssertionError: 
	at org.testng.AssertJUnit.fail(AssertJUnit.java:59)
	at org.testng.AssertJUnit.assertTrue(AssertJUnit.java:24)
	at org.testng.AssertJUnit.assertTrue(AssertJUnit.java:33)
	at com.test.WrapperClass.assertTextXpath(WrapperClass.java:1206)
	at com.test.RiskDetermination.RiskLogout(RiskDetermination.java:1674)
	at sun.reflect.NativeMethodAccessorImpl.invoke0(Native Method)
	at sun.reflect.NativeMethodAccessorImpl.invoke(Unknown Source)
	at sun.reflect.DelegatingMethodAccessorImpl.invoke(Unknown Source)
	at java.lang.reflect.Method.invoke(Unknown Source)
	at org.testng.internal.MethodInvocationHelper.invokeMethod(MethodInvocationHelper.java:80)
	at org.testng.internal.Invoker.invokeConfigurationMethod(Invoker.java:564)
	at org.testng.internal.Invoker.invokeConfigurations(Invoker.java:213)
	at org.testng.internal.Invoker.invokeConfigurations(Invoker.java:138)
	at org.testng.internal.TestMethodWorker.invokeAfterClassMethods(TestMethodWorker.java:225)
	at org.testng.internal.TestMethodWorker.run(TestMethodWorker.java:114)
	at org.testng.TestRunner.privateRun(TestRunner.java:767)
	at org.testng.TestRunner.run(TestRunner.java:617)
	at org.testng.SuiteRunner.runTest(SuiteRunner.java:334)
	at org.testng.SuiteRunner.runSequentially(SuiteRunner.java:329)
	at org.testng.SuiteRunner.privateRun(SuiteRunner.java:291)
	at org.testng.SuiteRunner.run(SuiteRunner.java:240)
	at org.testng.SuiteRunnerWorker.runSuite(SuiteRunnerWorker.java:51)
	at org.testng.SuiteRunnerWorker.run(SuiteRunnerWorker.java:85)
	at org.testng.TestNG.runSuitesSequentially(TestNG.java:1197)
	at org.testng.TestNG.runSuitesLocally(TestNG.java:1122)
	at org.testng.TestNG.run(TestNG.java:1030)
	at org.testng.TestNG.privateMain(TestNG.java:1337)
	at org.testng.TestNG.main(TestNG.java:1306)
</pre></div></td>
<td>0</td>
<td>com.test.RiskDetermination@1e0f4f</td></tr>
</table><p>
<table width='100%' border='1' class='invocation-failed'>
<tr><td colspan='4' align='center'><b>FAILED TESTS</b></td></tr>
<tr><td><b>Test method</b></td>
<td width="30%"><b>Exception</b></td>
<td width="10%"><b>Time (seconds)</b></td>
<td><b>Instance</b></td>
</tr>
<tr>
<td title='com.test.AddAsset.FirstAsset()'><b>FirstAsset</b><br>Test class: com.test.AddAsset<br/>
<a href="#Output-7310219" onClick='toggleBox("Output-7310219", this, "Show output", "Hide output");'>Show output</a>

<a href="#Output-7310219" onClick="toggleAllBoxes();">Show all outputs</a>
<div class='log' id="Output-7310219">
Selected Asset Inventory List Sub-module | <br><br/>
</div>
</td>
<td><div><pre>org.openqa.selenium.NoSuchElementException: Unable to locate element: //*[@id=&apos;asset-inventory-selector-main-content&apos;]/div[1]/div/div[2]/div/table/tbody/tr[2]/th[3]/span
For documentation on this error, please visit: http://seleniumhq.org/exceptions/no_such_element.html
Build info: version: &apos;unknown&apos;, revision: &apos;unknown&apos;, time: &apos;unknown&apos;
System info: host: &apos;SYB-LP-TEST-010&apos;, ip: &apos;192.168.1.202&apos;, os.name: &apos;Windows 8.1&apos;, os.arch: &apos;x86&apos;, os.version: &apos;6.3&apos;, java.version: &apos;1.8.0_144&apos;
Driver info: org.openqa.selenium.firefox.FirefoxDriver
Capabilities [{moz:profile=C:\Users\Madhu\AppData\Local\Temp\rust_mozprofile.b9hk4td5qzho, rotatable=false, timeouts={implicit=0.0, pageLoad=300000.0, script=30000.0}, pageLoadStrategy=normal, platform=ANY, specificationLevel=0.0, moz:accessibilityChecks=false, acceptInsecureCerts=false, browserVersion=55.0.3, platformVersion=6.3, moz:processID=6404.0, browserName=firefox, javascriptEnabled=true, platformName=windows_nt}]
Session ID: 8291da39-b73b-4164-a5a8-4ad6203ab4df
*** Element info: {Using=xpath, value=//*[@id=&apos;asset-inventory-selector-main-content&apos;]/div[1]/div/div[2]/div/table/tbody/tr[2]/th[3]/span}
	at org.openqa.selenium.remote.http.W3CHttpResponseCodec.createException(W3CHttpResponseCodec.java:185)
	at org.openqa.selenium.remote.http.W3CHttpResponseCodec.decode(W3CHttpResponseCodec.java:120)
	at org.openqa.selenium.remote.http.W3CHttpResponseCodec.decode(W3CHttpResponseCodec.java:49)
	at org.openqa.selenium.remote.HttpCommandExecutor.execute(HttpCommandExecutor.java:164)
	at org.openqa.selenium.remote.service.DriverCommandExecutor.execute(DriverCommandExecutor.java:82)
	at org.openqa.selenium.remote.RemoteWebDriver.execute(RemoteWebDriver.java:641)
	at org.openqa.selenium.remote.RemoteWebDriver.findElement(RemoteWebDriver.java:414)
	at org.openqa.selenium.remote.RemoteWebDriver.findElementByXPath(RemoteWebDriver.java:513)
	at org.openqa.selenium.By$ByXPath.findElement(By.java:361)
	at org.openqa.selenium.remote.RemoteWebDriver.findElement(RemoteWebDriver.java:406)
	at com.test.WrapperClass.assertTextXpath(WrapperClass.java:1205)
	at com.test.AddAsset.FirstAsset(AddAsset.java:87)
... Removed 27 stack frames</pre></div><a href='#' onClick='toggleBox("stack-trace7310219", this, "Click to show all stack frames", "Click to hide stack frames")'>Click to show all stack frames</a>
<div class='stack-trace' id='stack-trace7310219'><pre>org.openqa.selenium.NoSuchElementException: Unable to locate element: //*[@id=&apos;asset-inventory-selector-main-content&apos;]/div[1]/div/div[2]/div/table/tbody/tr[2]/th[3]/span
For documentation on this error, please visit: http://seleniumhq.org/exceptions/no_such_element.html
Build info: version: &apos;unknown&apos;, revision: &apos;unknown&apos;, time: &apos;unknown&apos;
System info: host: &apos;SYB-LP-TEST-010&apos;, ip: &apos;192.168.1.202&apos;, os.name: &apos;Windows 8.1&apos;, os.arch: &apos;x86&apos;, os.version: &apos;6.3&apos;, java.version: &apos;1.8.0_144&apos;
Driver info: org.openqa.selenium.firefox.FirefoxDriver
Capabilities [{moz:profile=C:\Users\Madhu\AppData\Local\Temp\rust_mozprofile.b9hk4td5qzho, rotatable=false, timeouts={implicit=0.0, pageLoad=300000.0, script=30000.0}, pageLoadStrategy=normal, platform=ANY, specificationLevel=0.0, moz:accessibilityChecks=false, acceptInsecureCerts=false, browserVersion=55.0.3, platformVersion=6.3, moz:processID=6404.0, browserName=firefox, javascriptEnabled=true, platformName=windows_nt}]
Session ID: 8291da39-b73b-4164-a5a8-4ad6203ab4df
*** Element info: {Using=xpath, value=//*[@id=&apos;asset-inventory-selector-main-content&apos;]/div[1]/div/div[2]/div/table/tbody/tr[2]/th[3]/span}
	at sun.reflect.NativeConstructorAccessorImpl.newInstance0(Native Method)
	at sun.reflect.NativeConstructorAccessorImpl.newInstance(Unknown Source)
	at sun.reflect.DelegatingConstructorAccessorImpl.newInstance(Unknown Source)
	at java.lang.reflect.Constructor.newInstance(Unknown Source)
	at org.openqa.selenium.remote.http.W3CHttpResponseCodec.createException(W3CHttpResponseCodec.java:185)
	at org.openqa.selenium.remote.http.W3CHttpResponseCodec.decode(W3CHttpResponseCodec.java:120)
	at org.openqa.selenium.remote.http.W3CHttpResponseCodec.decode(W3CHttpResponseCodec.java:49)
	at org.openqa.selenium.remote.HttpCommandExecutor.execute(HttpCommandExecutor.java:164)
	at org.openqa.selenium.remote.service.DriverCommandExecutor.execute(DriverCommandExecutor.java:82)
	at org.openqa.selenium.remote.RemoteWebDriver.execute(RemoteWebDriver.java:641)
	at org.openqa.selenium.remote.RemoteWebDriver.findElement(RemoteWebDriver.java:414)
	at org.openqa.selenium.remote.RemoteWebDriver.findElementByXPath(RemoteWebDriver.java:513)
	at org.openqa.selenium.By$ByXPath.findElement(By.java:361)
	at org.openqa.selenium.remote.RemoteWebDriver.findElement(RemoteWebDriver.java:406)
	at com.test.WrapperClass.assertTextXpath(WrapperClass.java:1205)
	at com.test.AddAsset.FirstAsset(AddAsset.java:87)
	at sun.reflect.NativeMethodAccessorImpl.invoke0(Native Method)
	at sun.reflect.NativeMethodAccessorImpl.invoke(Unknown Source)
	at sun.reflect.DelegatingMethodAccessorImpl.invoke(Unknown Source)
	at java.lang.reflect.Method.invoke(Unknown Source)
	at org.testng.internal.MethodInvocationHelper.invokeMethod(MethodInvocationHelper.java:80)
	at org.testng.internal.Invoker.invokeMethod(Invoker.java:715)
	at org.testng.internal.Invoker.invokeTestMethod(Invoker.java:907)
	at org.testng.internal.Invoker.invokeTestMethods(Invoker.java:1237)
	at org.testng.internal.TestMethodWorker.invokeTestMethods(TestMethodWorker.java:127)
	at org.testng.internal.TestMethodWorker.run(TestMethodWorker.java:111)
	at org.testng.TestRunner.privateRun(TestRunner.java:767)
	at org.testng.TestRunner.run(TestRunner.java:617)
	at org.testng.SuiteRunner.runTest(SuiteRunner.java:334)
	at org.testng.SuiteRunner.runSequentially(SuiteRunner.java:329)
	at org.testng.SuiteRunner.privateRun(SuiteRunner.java:291)
	at org.testng.SuiteRunner.run(SuiteRunner.java:240)
	at org.testng.SuiteRunnerWorker.runSuite(SuiteRunnerWorker.java:51)
	at org.testng.SuiteRunnerWorker.run(SuiteRunnerWorker.java:85)
	at org.testng.TestNG.runSuitesSequentially(TestNG.java:1197)
	at org.testng.TestNG.runSuitesLocally(TestNG.java:1122)
	at org.testng.TestNG.run(TestNG.java:1030)
	at org.testng.TestNG.privateMain(TestNG.java:1337)
	at org.testng.TestNG.main(TestNG.java:1306)
</pre></div></td>
<td>108</td>
<td>com.test.AddAsset@6a03af</td></tr>
<tr>
<td title='com.test.RiskDetermination.RQLBackUp()'><b>RQLBackUp</b><br>Test class: com.test.RiskDetermination<br/>
<a href="#Output-32801640" onClick='toggleBox("Output-32801640", this, "Show output", "Hide output");'>Show output</a>

<a href="#Output-32801640" onClick="toggleAllBoxes();">Show all outputs</a>
<div class='log' id="Output-32801640">
Select Risk Determination sidebar-left Module | <br><br/>
</div>
</td>
<td><div><pre>java.lang.AssertionError: 
	at com.test.WrapperClass.assertTextXpath(WrapperClass.java:1206)
	at com.test.RiskDetermination.RQLBackUp(RiskDetermination.java:106)
... Removed 26 stack frames</pre></div><a href='#' onClick='toggleBox("stack-trace32801640", this, "Click to show all stack frames", "Click to hide stack frames")'>Click to show all stack frames</a>
<div class='stack-trace' id='stack-trace32801640'><pre>java.lang.AssertionError: 
	at org.testng.AssertJUnit.fail(AssertJUnit.java:59)
	at org.testng.AssertJUnit.assertTrue(AssertJUnit.java:24)
	at org.testng.AssertJUnit.assertTrue(AssertJUnit.java:33)
	at com.test.WrapperClass.assertTextXpath(WrapperClass.java:1206)
	at com.test.RiskDetermination.RQLBackUp(RiskDetermination.java:106)
	at sun.reflect.NativeMethodAccessorImpl.invoke0(Native Method)
	at sun.reflect.NativeMethodAccessorImpl.invoke(Unknown Source)
	at sun.reflect.DelegatingMethodAccessorImpl.invoke(Unknown Source)
	at java.lang.reflect.Method.invoke(Unknown Source)
	at org.testng.internal.MethodInvocationHelper.invokeMethod(MethodInvocationHelper.java:80)
	at org.testng.internal.Invoker.invokeMethod(Invoker.java:715)
	at org.testng.internal.Invoker.invokeTestMethod(Invoker.java:907)
	at org.testng.internal.Invoker.invokeTestMethods(Invoker.java:1237)
	at org.testng.internal.TestMethodWorker.invokeTestMethods(TestMethodWorker.java:127)
	at org.testng.internal.TestMethodWorker.run(TestMethodWorker.java:111)
	at org.testng.TestRunner.privateRun(TestRunner.java:767)
	at org.testng.TestRunner.run(TestRunner.java:617)
	at org.testng.SuiteRunner.runTest(SuiteRunner.java:334)
	at org.testng.SuiteRunner.runSequentially(SuiteRunner.java:329)
	at org.testng.SuiteRunner.privateRun(SuiteRunner.java:291)
	at org.testng.SuiteRunner.run(SuiteRunner.java:240)
	at org.testng.SuiteRunnerWorker.runSuite(SuiteRunnerWorker.java:51)
	at org.testng.SuiteRunnerWorker.run(SuiteRunnerWorker.java:85)
	at org.testng.TestNG.runSuitesSequentially(TestNG.java:1197)
	at org.testng.TestNG.runSuitesLocally(TestNG.java:1122)
	at org.testng.TestNG.run(TestNG.java:1030)
	at org.testng.TestNG.privateMain(TestNG.java:1337)
	at org.testng.TestNG.main(TestNG.java:1306)
</pre></div></td>
<td>20</td>
<td>com.test.RiskDetermination@1e0f4f</td></tr>
<tr>
<td title='com.test.RiskDetermination.RQLPager()'><b>RQLPager</b><br>Test class: com.test.RiskDetermination</td>
<td><div><pre>java.lang.AssertionError: 
	at com.test.WrapperClass.assertTextXpath(WrapperClass.java:1206)
	at com.test.RiskDetermination.RQLPager(RiskDetermination.java:1169)
... Removed 26 stack frames</pre></div><a href='#' onClick='toggleBox("stack-trace16679802", this, "Click to show all stack frames", "Click to hide stack frames")'>Click to show all stack frames</a>
<div class='stack-trace' id='stack-trace16679802'><pre>java.lang.AssertionError: 
	at org.testng.AssertJUnit.fail(AssertJUnit.java:59)
	at org.testng.AssertJUnit.assertTrue(AssertJUnit.java:24)
	at org.testng.AssertJUnit.assertTrue(AssertJUnit.java:33)
	at com.test.WrapperClass.assertTextXpath(WrapperClass.java:1206)
	at com.test.RiskDetermination.RQLPager(RiskDetermination.java:1169)
	at sun.reflect.NativeMethodAccessorImpl.invoke0(Native Method)
	at sun.reflect.NativeMethodAccessorImpl.invoke(Unknown Source)
	at sun.reflect.DelegatingMethodAccessorImpl.invoke(Unknown Source)
	at java.lang.reflect.Method.invoke(Unknown Source)
	at org.testng.internal.MethodInvocationHelper.invokeMethod(MethodInvocationHelper.java:80)
	at org.testng.internal.Invoker.invokeMethod(Invoker.java:715)
	at org.testng.internal.Invoker.invokeTestMethod(Invoker.java:907)
	at org.testng.internal.Invoker.invokeTestMethods(Invoker.java:1237)
	at org.testng.internal.TestMethodWorker.invokeTestMethods(TestMethodWorker.java:127)
	at org.testng.internal.TestMethodWorker.run(TestMethodWorker.java:111)
	at org.testng.TestRunner.privateRun(TestRunner.java:767)
	at org.testng.TestRunner.run(TestRunner.java:617)
	at org.testng.SuiteRunner.runTest(SuiteRunner.java:334)
	at org.testng.SuiteRunner.runSequentially(SuiteRunner.java:329)
	at org.testng.SuiteRunner.privateRun(SuiteRunner.java:291)
	at org.testng.SuiteRunner.run(SuiteRunner.java:240)
	at org.testng.SuiteRunnerWorker.runSuite(SuiteRunnerWorker.java:51)
	at org.testng.SuiteRunnerWorker.run(SuiteRunnerWorker.java:85)
	at org.testng.TestNG.runSuitesSequentially(TestNG.java:1197)
	at org.testng.TestNG.runSuitesLocally(TestNG.java:1122)
	at org.testng.TestNG.run(TestNG.java:1030)
	at org.testng.TestNG.privateMain(TestNG.java:1337)
	at org.testng.TestNG.main(TestNG.java:1306)
</pre></div></td>
<td>20</td>
<td>com.test.RiskDetermination@1e0f4f</td></tr>
</table><p>
<table width='100%' border='1' class='invocation-passed'>
<tr><td colspan='4' align='center'><b>PASSED TESTS</b></td></tr>
<tr><td><b>Test method</b></td>
<td width="30%"><b>Exception</b></td>
<td width="10%"><b>Time (seconds)</b></td>
<td><b>Instance</b></td>
</tr>
<tr>
<td title='com.test.AddAsset.EditAsset()'><b>EditAsset</b><br>Test class: com.test.AddAsset<br/>
<a href="#Output-6157254" onClick='toggleBox("Output-6157254", this, "Show output", "Hide output");'>Show output</a>

<a href="#Output-6157254" onClick="toggleAllBoxes();">Show all outputs</a>
<div class='log' id="Output-6157254">
Select one of the added Asset in Asset Inventory List | <br><br/>
Click on Edit button for listed Asset | <br><br/>
Fill data for FirstName | <br><br/>
Fill data for LastName | <br><br/>
Edit Asset datas updated Successfully | <br><br/>
</div>
</td>
<td></td>
<td>49</td>
<td>com.test.AddAsset@6a03af</td></tr>
<tr>
<td title='com.test.EntityManagement.EntityList()'><b>EntityList</b><br>Test class: com.test.EntityManagement<br/>
<a href="#Output-3171434" onClick='toggleBox("Output-3171434", this, "Show output", "Hide output");'>Show output</a>

<a href="#Output-3171434" onClick="toggleAllBoxes();">Show all outputs</a>
<div class='log' id="Output-3171434">
Click on Entity List | <br><br/>
Click on New Button | <br><br/>
Enter Entity name | <br><br/>
Select Industry Type from drop-down | <br><br/>
Select Sub-Industry Type from drop-down | <br><br/>
Select Sub-Industry Type from drop-down | <br><br/>
Select Sub-Industry Type from drop-down | <br><br/>
Select the Products IRM|Analysis™  | <br><br/>
Click on Save button | <br><br/>
</div>
</td>
<td></td>
<td>107</td>
<td>com.test.EntityManagement@1d4e2ba</td></tr>
<tr>
<td title='com.test.EntityManagement.EntityTags()'><b>EntityTags</b><br>Test class: com.test.EntityManagement<br/>
<a href="#Output-3036687" onClick='toggleBox("Output-3036687", this, "Show output", "Hide output");'>Show output</a>

<a href="#Output-3036687" onClick="toggleAllBoxes();">Show all outputs</a>
<div class='log' id="Output-3036687">
Click on Entity Tags | <br><br/>
Click on New Button | <br><br/>
Enter the Entity Tag Name | <br><br/>
Click on Entity Tag Category drop-down | <br><br/>
Select option from Entity Tag Category drop-down | <br><br/>
Click on Save button | <br><br/>
</div>
</td>
<td></td>
<td>71</td>
<td>com.test.EntityManagement@1d4e2ba</td></tr>
<tr>
<td title='com.test.AddAsset.MediaAssetGroups()'><b>MediaAssetGroups</b><br>Test class: com.test.AddAsset<br/>
<a href="#Output-18023726" onClick='toggleBox("Output-18023726", this, "Show output", "Hide output");'>Show output</a>

<a href="#Output-18023726" onClick="toggleAllBoxes();">Show all outputs</a>
<div class='log' id="Output-18023726">
Select the Media/Asset Groups sub-modules listed in Asset Inventory List | <br><br/>
Select the Edit button of BackUp Media in Media/Asset Groups page | <br><br/>
Enter label in Edit Media/Asset Groups | <br><br/>
Select the Risk Analysis for Edit Media/Asset Groups | <br><br/>
Select the added calendar for Edit Media/Asset Groups | <br><br/>
Click on Save Button | <br><br/>
Delete the Asset in Media/Asset Groups | <br><br/>
warning pop-up get appears and click on cancel button | <br><br/>
Select the Edit button of Desktop in Media/Asset Groups page | <br><br/>
Enter label in Edit Media/Asset Groups | <br><br/>
Select the Risk Analysis for Edit Media/Asset Groups | <br><br/>
Select the added calendar for Edit Media/Asset Groups | <br><br/>
Click on Save Button | <br><br/>
Select the Edit button of Laptop in Media/Asset Groups page | <br><br/>
Enter label in Edit Media/Asset Groups | <br><br/>
Select the Risk Analysis for Edit Media/Asset Groups | <br><br/>
Select the added calendar for Edit Media/Asset Groups | <br><br/>
Click on Save Button | <br><br/>
Select the Edit button of Desktop Or Laptop in Media/Asset Groups page | <br><br/>
Enter label in Edit Media/Asset Groups | <br><br/>
Select the Risk Analysis for Edit Media/Asset Groups | <br><br/>
Select the added calendar for Edit Media/Asset Groups | <br><br/>
Click on Save Button | <br><br/>
</div>
</td>
<td></td>
<td>198</td>
<td>com.test.AddAsset@6a03af</td></tr>
<tr>
<td title='com.test.AddAsset.NewAddAsset()'><b>NewAddAsset</b><br>Test class: com.test.AddAsset<br/>
<a href="#Output-1822910" onClick='toggleBox("Output-1822910", this, "Show output", "Hide output");'>Show output</a>

<a href="#Output-1822910" onClick="toggleAllBoxes();">Show all outputs</a>
<div class='log' id="Output-1822910">
Click on New button | <br><br/>
Create Form Page is displayed and started filling datas for Asset | <br><br/>
Filled data for Media Devices | <br><br/>
Filled data for FirstName | <br><br/>
Filled data for LastName | <br><br/>
Successfully Asset created | <br><br/>
</div>
</td>
<td></td>
<td>79</td>
<td>com.test.AddAsset@6a03af</td></tr>
<tr>
<td title='com.test.EntityManagement.SelectEntityFromHeader()'><b>SelectEntityFromHeader</b><br>Test class: com.test.EntityManagement<br/>
<a href="#Output-16837788" onClick='toggleBox("Output-16837788", this, "Show output", "Hide output");'>Show output</a>

<a href="#Output-16837788" onClick="toggleAllBoxes();">Show all outputs</a>
<div class='log' id="Output-16837788">
Click on the Created new Entity drop-down from Header | <br><br/>
Enter Created Entity Name in Search box | <br><br/>
Select the Searched Entity | <br><br/>
</div>
</td>
<td></td>
<td>30</td>
<td>com.test.EntityManagement@1d4e2ba</td></tr>
</table><p>
</body>
</html>