<?xml version="1.0" encoding="UTF-8"?>
<!-- Generated by org.testng.reporters.JUnitXMLReporter -->
<testsuite hostname="SYB-LP-TEST-010" name="Test" tests="9" failures="3" timestamp="20 Sep 2017 09:16:29 GMT" time="1071.746" errors="0">
  <testcase name="@AfterClass RiskLogout" time="0.0" classname="com.test.RiskDetermination">
    <failure type="java.lang.AssertionError">
      <![CDATA[java.lang.AssertionError: 
	at com.test.WrapperClass.assertTextXpath(WrapperClass.java:1206)
	at com.test.RiskDetermination.RiskLogout(RiskDetermination.java:1674)
... Removed 26 stack frames]]>
    </failure>
  </testcase> <!-- @AfterClass RiskLogout -->
  <testcase name="EntityList" time="107.132" classname="com.test.EntityManagement"/>
  <testcase name="EntityTags" time="71.034" classname="com.test.EntityManagement"/>
  <testcase name="SelectEntityFromHeader" time="30.712" classname="com.test.EntityManagement"/>
  <testcase name="FirstAsset" time="108.679" classname="com.test.AddAsset">
    <failure type="org.openqa.selenium.NoSuchElementException" message="Unable to locate element: //*[@id=&amp;apos;asset-inventory-selector-main-content&amp;apos;]/div[1]/div/div[2]/div/table/tbody/tr[2]/th[3]/span
For documentation on this error, please visit: http://seleniumhq.org/exceptions/no_such_element.html
Build info: version: &amp;apos;unknown&amp;apos;, revision: &amp;apos;unknown&amp;apos;, time: &amp;apos;unknown&amp;apos;
System info: host: &amp;apos;SYB-LP-TEST-010&amp;apos;, ip: &amp;apos;192.168.1.202&amp;apos;, os.name: &amp;apos;Windows 8.1&amp;apos;, os.arch: &amp;apos;x86&amp;apos;, os.version: &amp;apos;6.3&amp;apos;, java.version: &amp;apos;1.8.0_144&amp;apos;
Driver info: org.openqa.selenium.firefox.FirefoxDriver
Capabilities [{moz:profile=C:\Users\Madhu\AppData\Local\Temp\rust_mozprofile.b9hk4td5qzho, rotatable=false, timeouts={implicit=0.0, pageLoad=300000.0, script=30000.0}, pageLoadStrategy=normal, platform=ANY, specificationLevel=0.0, moz:accessibilityChecks=false, acceptInsecureCerts=false, browserVersion=55.0.3, platformVersion=6.3, moz:processID=6404.0, browserName=firefox, javascriptEnabled=true, platformName=windows_nt}]
Session ID: 8291da39-b73b-4164-a5a8-4ad6203ab4df
*** Element info: {Using=xpath, value=//*[@id=&amp;apos;asset-inventory-selector-main-content&amp;apos;]/div[1]/div/div[2]/div/table/tbody/tr[2]/th[3]/span}">
      <![CDATA[org.openqa.selenium.NoSuchElementException: Unable to locate element: //*[@id='asset-inventory-selector-main-content']/div[1]/div/div[2]/div/table/tbody/tr[2]/th[3]/span
For documentation on this error, please visit: http://seleniumhq.org/exceptions/no_such_element.html
Build info: version: 'unknown', revision: 'unknown', time: 'unknown'
System info: host: 'SYB-LP-TEST-010', ip: '192.168.1.202', os.name: 'Windows 8.1', os.arch: 'x86', os.version: '6.3', java.version: '1.8.0_144'
Driver info: org.openqa.selenium.firefox.FirefoxDriver
Capabilities [{moz:profile=C:\Users\Madhu\AppData\Local\Temp\rust_mozprofile.b9hk4td5qzho, rotatable=false, timeouts={implicit=0.0, pageLoad=300000.0, script=30000.0}, pageLoadStrategy=normal, platform=ANY, specificationLevel=0.0, moz:accessibilityChecks=false, acceptInsecureCerts=false, browserVersion=55.0.3, platformVersion=6.3, moz:processID=6404.0, browserName=firefox, javascriptEnabled=true, platformName=windows_nt}]
Session ID: 8291da39-b73b-4164-a5a8-4ad6203ab4df
*** Element info: {Using=xpath, value=//*[@id='asset-inventory-selector-main-content']/div[1]/div/div[2]/div/table/tbody/tr[2]/th[3]/span}
	at org.openqa.selenium.remote.http.W3CHttpResponseCodec.createException(W3CHttpResponseCodec.java:185)
	at org.openqa.selenium.remote.http.W3CHttpResponseCodec.decode(W3CHttpResponseCodec.java:120)
	at org.openqa.selenium.remote.http.W3CHttpResponseCodec.decode(W3CHttpResponseCodec.java:49)
	at org.openqa.selenium.remote.HttpCommandExecutor.execute(HttpCommandExecutor.java:164)
	at org.openqa.selenium.remote.service.DriverCommandExecutor.execute(DriverCommandExecutor.java:82)
	at org.openqa.selenium.remote.RemoteWebDriver.execute(RemoteWebDriver.java:641)
	at org.openqa.selenium.remote.RemoteWebDriver.findElement(RemoteWebDriver.java:414)
	at org.openqa.selenium.remote.RemoteWebDriver.findElementByXPath(RemoteWebDriver.java:513)
	at org.openqa.selenium.By$ByXPath.findElement(By.java:361)
	at org.openqa.selenium.remote.RemoteWebDriver.findElement(RemoteWebDriver.java:406)
	at com.test.WrapperClass.assertTextXpath(WrapperClass.java:1205)
	at com.test.AddAsset.FirstAsset(AddAsset.java:87)
... Removed 27 stack frames]]>
    </failure>
  </testcase> <!-- FirstAsset -->
  <testcase name="NewAddAsset" time="79.711" classname="com.test.AddAsset"/>
  <testcase name="EditAsset" time="49.565" classname="com.test.AddAsset"/>
  <testcase name="MediaAssetGroups" time="198.925" classname="com.test.AddAsset"/>
  <testcase name="RQLBackUp" time="20.232" classname="com.test.RiskDetermination">
    <failure type="java.lang.AssertionError">
      <![CDATA[java.lang.AssertionError: 
	at com.test.WrapperClass.assertTextXpath(WrapperClass.java:1206)
	at com.test.RiskDetermination.RQLBackUp(RiskDetermination.java:106)
... Removed 26 stack frames]]>
    </failure>
  </testcase> <!-- RQLBackUp -->
  <testcase name="RQLPager" time="20.052" classname="com.test.RiskDetermination">
    <failure type="java.lang.AssertionError">
      <![CDATA[java.lang.AssertionError: 
	at com.test.WrapperClass.assertTextXpath(WrapperClass.java:1206)
	at com.test.RiskDetermination.RQLPager(RiskDetermination.java:1169)
... Removed 26 stack frames]]>
    </failure>
  </testcase> <!-- RQLPager -->
</testsuite> <!-- Test -->
